2023-Jan-11 18:58:29 pm [main] INFO  com.driver.DriverFactory - Instantiate ChromeDriver
2023-Jan-11 18:58:32 pm [main] INFO  com.web.actions.WebActions - Navigate to 'https://localhost:5000/login
2023-Jan-11 18:58:45 pm [main] INFO  com.web.actions.WebActions - Clear Text From : --> id: password]
2023-Jan-11 18:58:45 pm [main] INFO  com.web.actions.WebActions - Write Text 'Test!@12' on --> id: password]
2023-Jan-11 18:58:50 pm [main] INFO  com.web.actions.WebActions - Click on :--> xpath: //span[contains(text(),"Login")]]
2023-Jan-11 18:59:06 pm [main] INFO  com.web.actions.WebActions - Click on :--> xpath: //span[text()='Close']]
2023-Jan-11 18:59:17 pm [main] INFO  com.web.actions.WebActions - Click on :--> xpath: //a[@href='https://localhost']]
2023-Jan-11 18:59:17 pm [main] INFO  com.web.actions.WebActions - Window Switching : 
2023-Jan-11 18:59:28 pm [main] INFO  com.web.actions.WebActions - Clear Text From : --> id: login-username]
2023-Jan-11 18:59:28 pm [main] INFO  com.web.actions.WebActions - Write Text 'shrikantk' on --> id: login-username]
2023-Jan-11 18:59:29 pm [main] INFO  com.web.actions.WebActions - Clear Text From : --> id: login-password]
2023-Jan-11 18:59:29 pm [main] INFO  com.web.actions.WebActions - Write Text 'Test!@12' on --> id: login-password]
2023-Jan-11 18:59:29 pm [main] INFO  com.web.actions.WebActions - Enter Key On --> id: login-password]
2023-Jan-11 18:59:29 pm [main] INFO  com.web.actions.WebActions - Verify Object Exists : TRUE --> xpath: //img[@id='ff-header-logo']]
2023-Jan-11 18:59:30 pm [main] INFO  com.web.actions.WebActions - Verify Object Exists : TRUE --> xpath: //img[@id='ff-header-logo']]
2023-Jan-11 18:59:30 pm [main] INFO  com.web.actions.WebActions - Click on :--> xpath: //p[@class='posrel disblk fltlft' and text()='Visitors']]
2023-Jan-11 18:59:32 pm [main] INFO  com.web.actions.WebActions - Verify Object Exists : TRUE --> xpath: //p[@class='posrel disblk fltlft' and text()='Visitors']]
2023-Jan-11 18:59:33 pm [main] INFO  com.web.actions.WebActions - Click on :--> xpath: (//img[@class='psuedo-back-img'])[1]]
2023-Jan-11 18:59:33 pm [main] INFO  com.web.actions.WebActions - Verify Object Exists : TRUE --> xpath: //p[text()='Visitor - Photo View']]
2023-Jan-11 18:59:34 pm [main] INFO  com.web.actions.WebActions - Click on :--> xpath: //a[contains(text(),'Action')]]
2023-Jan-11 18:59:36 pm [main] INFO  com.web.actions.WebActions - Click on :--> xpath: //a[.='Identify within Enrollments']]
2023-Jan-11 19:00:07 pm [main] INFO  com.web.actions.WebActions - Verify Object Exists : FALSE 
2023-Jan-11 19:00:22 pm [main] INFO  com.web.actions.WebActions - Verify Object Exists : TRUE --> xpath: //p[text()='Add Details']]
2023-Jan-11 19:00:23 pm [main] INFO  com.web.actions.WebActions - Click on :--> xpath: //select[@name='internal_group']]
2023-Jan-11 19:00:33 pm [main] INFO  com.web.actions.WebActions - Exception: SelectByValue: DefaultEnrollmentGroup (Serious Offender - None), --> xpath: //select[@name='internal_group']]
2023-Jan-11 19:00:33 pm [main] INFO  com.web.actions.WebActions - Exception Log: org.openqa.selenium.NoSuchElementException: Cannot locate option with value: DefaultEnrollmentGroup (Serious Offender - None)
For documentation on this error, please visit: https://www.seleniumhq.org/exceptions/no_such_element.html
Build info: version: '3.141.59', revision: 'e82be7d358', time: '2018-11-14T08:17:03'
System info: host: 'DESKTOP-A3FKGMU', ip: '192.168.1.92', os.name: 'Windows 10', os.arch: 'amd64', os.version: '10.0', java.version: '17.0.2'
Driver info: driver.version: unknown
2023-Jan-11 19:00:34 pm [main] INFO  com.web.actions.WebActions - Clear Text From : --> xpath: //input[@name='storeId']]
2023-Jan-11 19:00:34 pm [main] INFO  com.web.actions.WebActions - Write Text 'mumbai' on --> xpath: //input[@name='storeId']]
2023-Jan-11 19:00:34 pm [main] INFO  com.web.actions.WebActions - Clear Text From : --> xpath: //input[@name='caseNumber']]
2023-Jan-11 19:00:35 pm [main] INFO  com.web.actions.WebActions - Write Text 'kill 1 person' on --> xpath: //input[@name='caseNumber']]
2023-Jan-11 19:00:35 pm [main] INFO  com.web.actions.WebActions - Clear Text From : --> xpath: //input[@name='reportedLoss']]
2023-Jan-11 19:00:36 pm [main] INFO  com.web.actions.WebActions - Write Text '500000' on --> xpath: //input[@name='reportedLoss']]
2023-Jan-11 19:00:36 pm [main] INFO  com.web.actions.WebActions - Clear Text From : --> xpath: //input[@name='timeIncident']]
2023-Jan-11 19:00:36 pm [main] INFO  com.web.actions.WebActions - Write Text '07122000 0625' on --> xpath: //input[@name='timeIncident']]
2023-Jan-11 19:00:37 pm [main] INFO  com.web.actions.WebActions - Clear Text From : --> xpath: //input[@name='action']]
2023-Jan-11 19:00:37 pm [main] INFO  com.web.actions.WebActions - Write Text 'call police' on --> xpath: //input[@name='action']]
2023-Jan-11 19:00:47 pm [main] INFO  com.web.actions.WebActions - Click on :
2023-Jan-11 19:00:58 pm [main] INFO  com.web.actions.WebActions - Verify Object Exists : TRUE --> xpath: //div[text()='Enrollment Success' and @class='enroll-steps-title light-blue-bg']]
2023-Jan-11 19:01:09 pm [main] INFO  com.web.actions.WebActions - Exception: clickElement '--> xpath: //div[@id='start-logo-container']]
2023-Jan-11 19:01:09 pm [main] INFO  com.web.actions.WebActions - Exception Log: org.openqa.selenium.ElementNotInteractableException: element not interactable
  (Session info: chrome=108.0.5359.126)
Build info: version: '3.141.59', revision: 'e82be7d358', time: '2018-11-14T08:17:03'
System info: host: 'DESKTOP-A3FKGMU', ip: '192.168.1.92', os.name: 'Windows 10', os.arch: 'amd64', os.version: '10.0', java.version: '17.0.2'
Driver info: org.openqa.selenium.chrome.ChromeDriver
Capabilities {acceptInsecureCerts: false, browserName: chrome, browserVersion: 108.0.5359.126, chrome: {chromedriverVersion: 108.0.5359.71 (1e0e3868ee06..., userDataDir: C:\Users\baps\AppData\Local...}, goog:chromeOptions: {debuggerAddress: localhost:56226}, javascriptEnabled: true, networkConnectionEnabled: false, pageLoadStrategy: normal, platform: WINDOWS, platformName: WINDOWS, proxy: Proxy(), setWindowRect: true, strictFileInteractability: false, timeouts: {implicit: 0, pageLoad: 300000, script: 30000}, unhandledPromptBehavior: dismiss and notify, webauthn:extension:credBlob: true, webauthn:extension:largeBlob: true, webauthn:virtualAuthenticators: true}
Session ID: b65ad79b92e6e003e50cfbabbff36b23
2023-Jan-11 19:01:19 pm [main] INFO  com.web.actions.WebActions - Exception: clickElement '--> xpath: //p[text()='Events' and @class='login-menu-title tal posrel fltlft']]
2023-Jan-11 19:01:19 pm [main] INFO  com.web.actions.WebActions - Exception Log: org.openqa.selenium.ElementNotInteractableException: element not interactable
  (Session info: chrome=108.0.5359.126)
Build info: version: '3.141.59', revision: 'e82be7d358', time: '2018-11-14T08:17:03'
System info: host: 'DESKTOP-A3FKGMU', ip: '192.168.1.92', os.name: 'Windows 10', os.arch: 'amd64', os.version: '10.0', java.version: '17.0.2'
Driver info: org.openqa.selenium.chrome.ChromeDriver
Capabilities {acceptInsecureCerts: false, browserName: chrome, browserVersion: 108.0.5359.126, chrome: {chromedriverVersion: 108.0.5359.71 (1e0e3868ee06..., userDataDir: C:\Users\baps\AppData\Local...}, goog:chromeOptions: {debuggerAddress: localhost:56226}, javascriptEnabled: true, networkConnectionEnabled: false, pageLoadStrategy: normal, platform: WINDOWS, platformName: WINDOWS, proxy: Proxy(), setWindowRect: true, strictFileInteractability: false, timeouts: {implicit: 0, pageLoad: 300000, script: 30000}, unhandledPromptBehavior: dismiss and notify, webauthn:extension:credBlob: true, webauthn:extension:largeBlob: true, webauthn:virtualAuthenticators: true}
Session ID: b65ad79b92e6e003e50cfbabbff36b23
2023-Jan-11 19:01:50 pm [main] INFO  com.web.actions.WebActions - Verify Object Exists : FALSE 
2023-Jan-11 19:02:01 pm [main] INFO  com.web.actions.WebActions - Exception: clickElement '--> xpath: //input[@ng-model='selectAllCheckboxState']]
2023-Jan-11 19:02:01 pm [main] INFO  com.web.actions.WebActions - Exception Log: org.openqa.selenium.ElementClickInterceptedException: element click intercepted: Element <input icheck="" ng-model="selectAllCheckboxState" function-to-call="$scope.selectAllCheckBoxSelected();" type="checkbox" class="select-all-checkbox ng-pristine ng-untouched ng-valid ng-empty" style="color: red; background: SkyBlue; border: 2px solid red;"> is not clickable at point (373, 79). Other element would receive the click: <ins class="iCheck-helper" style="position: absolute; top: 0%; left: 0%; display: block; width: 100%; height: 100%; margin: 0px; padding: 0px; background: rgb(255, 255, 255); border: 0px; opacity: 0;"></ins>
  (Session info: chrome=108.0.5359.126)
Build info: version: '3.141.59', revision: 'e82be7d358', time: '2018-11-14T08:17:03'
System info: host: 'DESKTOP-A3FKGMU', ip: '192.168.1.92', os.name: 'Windows 10', os.arch: 'amd64', os.version: '10.0', java.version: '17.0.2'
Driver info: org.openqa.selenium.chrome.ChromeDriver
Capabilities {acceptInsecureCerts: false, browserName: chrome, browserVersion: 108.0.5359.126, chrome: {chromedriverVersion: 108.0.5359.71 (1e0e3868ee06..., userDataDir: C:\Users\baps\AppData\Local...}, goog:chromeOptions: {debuggerAddress: localhost:56226}, javascriptEnabled: true, networkConnectionEnabled: false, pageLoadStrategy: normal, platform: WINDOWS, platformName: WINDOWS, proxy: Proxy(), setWindowRect: true, strictFileInteractability: false, timeouts: {implicit: 0, pageLoad: 300000, script: 30000}, unhandledPromptBehavior: dismiss and notify, webauthn:extension:credBlob: true, webauthn:extension:largeBlob: true, webauthn:virtualAuthenticators: true}
Session ID: b65ad79b92e6e003e50cfbabbff36b23
2023-Jan-11 19:02:06 pm [main] INFO  com.web.actions.WebActions - Click on :--> xpath: //a[@class='btn dropdown-toggle pull-right toolbar-btn nav-pills-small']]
