2023-Jan-11 12:37:20 PM [main] INFO  com.driver.DriverFactory - Instantiate ChromeDriver
2023-Jan-11 12:37:21 PM [main] INFO  com.web.actions.WebActions - Navigate to 'https://localhost:5000/login
2023-Jan-11 12:37:34 PM [main] INFO  com.web.actions.WebActions - Clear Text From : --> id: password]
2023-Jan-11 12:37:34 PM [main] INFO  com.web.actions.WebActions - Write Text 'Shubham@123' on --> id: password]
2023-Jan-11 12:37:38 PM [main] INFO  com.web.actions.WebActions - Click on :--> xpath: //span[contains(text(),"Login")]]
2023-Jan-11 12:37:54 PM [main] INFO  com.web.actions.WebActions - Click on :--> xpath: //span[text()='Close']]
2023-Jan-11 12:38:35 PM [main] INFO  com.web.actions.WebActions - Exception: clickElement '
2023-Jan-11 12:38:35 PM [main] INFO  com.web.actions.WebActions - Exception Log: org.openqa.selenium.NoSuchElementException: no such element: Unable to locate element: {"method":"xpath","selector":"//a[@href='https://localhost']"}
  (Session info: chrome=108.0.5359.125)
For documentation on this error, please visit: https://www.seleniumhq.org/exceptions/no_such_element.html
Build info: version: '3.141.59', revision: 'e82be7d358', time: '2018-11-14T08:17:03'
System info: host: 'DESKTOP-KDRQDOD', ip: '192.168.1.11', os.name: 'Windows 10', os.arch: 'amd64', os.version: '10.0', java.version: '17.0.5'
Driver info: org.openqa.selenium.chrome.ChromeDriver
Capabilities {acceptInsecureCerts: false, browserName: chrome, browserVersion: 108.0.5359.125, chrome: {chromedriverVersion: 108.0.5359.71 (1e0e3868ee06..., userDataDir: C:\Users\shree\AppData\Loca...}, goog:chromeOptions: {debuggerAddress: localhost:62883}, javascriptEnabled: true, networkConnectionEnabled: false, pageLoadStrategy: normal, platform: WINDOWS, platformName: WINDOWS, proxy: Proxy(), setWindowRect: true, strictFileInteractability: false, timeouts: {implicit: 0, pageLoad: 300000, script: 30000}, unhandledPromptBehavior: dismiss and notify, webauthn:extension:credBlob: true, webauthn:extension:largeBlob: true, webauthn:virtualAuthenticators: true}
Session ID: fe1ebc138c52cb916d354137b3525c7f
*** Element info: {Using=xpath, value=//a[@href='https://localhost']}
2023-Jan-11 12:38:35 PM [main] INFO  com.web.actions.WebActions - Exception: Window Switching '
2023-Jan-11 12:38:35 PM [main] INFO  com.web.actions.WebActions - Exception Log: java.util.NoSuchElementException
2023-Jan-11 12:39:35 PM [main] INFO  com.web.actions.WebActions - Exception: ClearText '
2023-Jan-11 12:39:35 PM [main] INFO  com.web.actions.WebActions - Exception Log: org.openqa.selenium.NoSuchElementException: no such element: Unable to locate element: {"method":"css selector","selector":"#login\-username"}
  (Session info: chrome=108.0.5359.125)
For documentation on this error, please visit: https://www.seleniumhq.org/exceptions/no_such_element.html
Build info: version: '3.141.59', revision: 'e82be7d358', time: '2018-11-14T08:17:03'
System info: host: 'DESKTOP-KDRQDOD', ip: '192.168.1.11', os.name: 'Windows 10', os.arch: 'amd64', os.version: '10.0', java.version: '17.0.5'
Driver info: org.openqa.selenium.chrome.ChromeDriver
Capabilities {acceptInsecureCerts: false, browserName: chrome, browserVersion: 108.0.5359.125, chrome: {chromedriverVersion: 108.0.5359.71 (1e0e3868ee06..., userDataDir: C:\Users\shree\AppData\Loca...}, goog:chromeOptions: {debuggerAddress: localhost:62883}, javascriptEnabled: true, networkConnectionEnabled: false, pageLoadStrategy: normal, platform: WINDOWS, platformName: WINDOWS, proxy: Proxy(), setWindowRect: true, strictFileInteractability: false, timeouts: {implicit: 0, pageLoad: 300000, script: 30000}, unhandledPromptBehavior: dismiss and notify, webauthn:extension:credBlob: true, webauthn:extension:largeBlob: true, webauthn:virtualAuthenticators: true}
Session ID: fe1ebc138c52cb916d354137b3525c7f
*** Element info: {Using=id, value=login-username}
2023-Jan-11 12:40:15 PM [main] INFO  com.web.actions.WebActions - Exception: Write Text 'shubham' on 
2023-Jan-11 12:40:15 PM [main] INFO  com.web.actions.WebActions - Exception Log: org.openqa.selenium.NoSuchElementException: no such element: Unable to locate element: {"method":"css selector","selector":"#login\-username"}
  (Session info: chrome=108.0.5359.125)
For documentation on this error, please visit: https://www.seleniumhq.org/exceptions/no_such_element.html
Build info: version: '3.141.59', revision: 'e82be7d358', time: '2018-11-14T08:17:03'
System info: host: 'DESKTOP-KDRQDOD', ip: '192.168.1.11', os.name: 'Windows 10', os.arch: 'amd64', os.version: '10.0', java.version: '17.0.5'
Driver info: org.openqa.selenium.chrome.ChromeDriver
Capabilities {acceptInsecureCerts: false, browserName: chrome, browserVersion: 108.0.5359.125, chrome: {chromedriverVersion: 108.0.5359.71 (1e0e3868ee06..., userDataDir: C:\Users\shree\AppData\Loca...}, goog:chromeOptions: {debuggerAddress: localhost:62883}, javascriptEnabled: true, networkConnectionEnabled: false, pageLoadStrategy: normal, platform: WINDOWS, platformName: WINDOWS, proxy: Proxy(), setWindowRect: true, strictFileInteractability: false, timeouts: {implicit: 0, pageLoad: 300000, script: 30000}, unhandledPromptBehavior: dismiss and notify, webauthn:extension:credBlob: true, webauthn:extension:largeBlob: true, webauthn:virtualAuthenticators: true}
Session ID: fe1ebc138c52cb916d354137b3525c7f
*** Element info: {Using=id, value=login-username}
2023-Jan-11 12:41:16 PM [main] INFO  com.web.actions.WebActions - Exception: ClearText '
2023-Jan-11 12:41:16 PM [main] INFO  com.web.actions.WebActions - Exception Log: org.openqa.selenium.NoSuchElementException: no such element: Unable to locate element: {"method":"css selector","selector":"#login\-password"}
  (Session info: chrome=108.0.5359.125)
For documentation on this error, please visit: https://www.seleniumhq.org/exceptions/no_such_element.html
Build info: version: '3.141.59', revision: 'e82be7d358', time: '2018-11-14T08:17:03'
System info: host: 'DESKTOP-KDRQDOD', ip: '192.168.1.11', os.name: 'Windows 10', os.arch: 'amd64', os.version: '10.0', java.version: '17.0.5'
Driver info: org.openqa.selenium.chrome.ChromeDriver
Capabilities {acceptInsecureCerts: false, browserName: chrome, browserVersion: 108.0.5359.125, chrome: {chromedriverVersion: 108.0.5359.71 (1e0e3868ee06..., userDataDir: C:\Users\shree\AppData\Loca...}, goog:chromeOptions: {debuggerAddress: localhost:62883}, javascriptEnabled: true, networkConnectionEnabled: false, pageLoadStrategy: normal, platform: WINDOWS, platformName: WINDOWS, proxy: Proxy(), setWindowRect: true, strictFileInteractability: false, timeouts: {implicit: 0, pageLoad: 300000, script: 30000}, unhandledPromptBehavior: dismiss and notify, webauthn:extension:credBlob: true, webauthn:extension:largeBlob: true, webauthn:virtualAuthenticators: true}
Session ID: fe1ebc138c52cb916d354137b3525c7f
*** Element info: {Using=id, value=login-password}
2023-Jan-11 12:41:56 PM [main] INFO  com.web.actions.WebActions - Exception: Write Text 'Shubham@123' on 
2023-Jan-11 12:41:56 PM [main] INFO  com.web.actions.WebActions - Exception Log: org.openqa.selenium.NoSuchElementException: no such element: Unable to locate element: {"method":"css selector","selector":"#login\-password"}
  (Session info: chrome=108.0.5359.125)
For documentation on this error, please visit: https://www.seleniumhq.org/exceptions/no_such_element.html
Build info: version: '3.141.59', revision: 'e82be7d358', time: '2018-11-14T08:17:03'
System info: host: 'DESKTOP-KDRQDOD', ip: '192.168.1.11', os.name: 'Windows 10', os.arch: 'amd64', os.version: '10.0', java.version: '17.0.5'
Driver info: org.openqa.selenium.chrome.ChromeDriver
Capabilities {acceptInsecureCerts: false, browserName: chrome, browserVersion: 108.0.5359.125, chrome: {chromedriverVersion: 108.0.5359.71 (1e0e3868ee06..., userDataDir: C:\Users\shree\AppData\Loca...}, goog:chromeOptions: {debuggerAddress: localhost:62883}, javascriptEnabled: true, networkConnectionEnabled: false, pageLoadStrategy: normal, platform: WINDOWS, platformName: WINDOWS, proxy: Proxy(), setWindowRect: true, strictFileInteractability: false, timeouts: {implicit: 0, pageLoad: 300000, script: 30000}, unhandledPromptBehavior: dismiss and notify, webauthn:extension:credBlob: true, webauthn:extension:largeBlob: true, webauthn:virtualAuthenticators: true}
Session ID: fe1ebc138c52cb916d354137b3525c7f
*** Element info: {Using=id, value=login-password}
2023-Jan-11 12:41:56 PM [main] INFO  com.web.actions.WebBrowserActions - closes the currently opened browser session.
2023-Jan-11 12:41:57 PM [main] INFO  com.driver.DriverFactory - Instantiate ChromeDriver
2023-Jan-11 12:41:59 PM [main] INFO  com.web.actions.WebActions - Navigate to 'https://localhost:5000/login
2023-Jan-11 12:42:11 PM [main] INFO  com.web.actions.WebActions - Clear Text From : --> id: password]
2023-Jan-11 12:42:12 PM [main] INFO  com.web.actions.WebActions - Write Text 'Shubham@123' on --> id: password]
2023-Jan-11 12:42:16 PM [main] INFO  com.web.actions.WebActions - Click on :--> xpath: //span[contains(text(),"Login")]]
2023-Jan-11 12:42:32 PM [main] INFO  com.web.actions.WebActions - Click on :--> xpath: //span[text()='Close']]
2023-Jan-11 12:43:12 PM [main] INFO  com.web.actions.WebActions - Exception: clickElement '
2023-Jan-11 12:43:12 PM [main] INFO  com.web.actions.WebActions - Exception Log: org.openqa.selenium.NoSuchElementException: no such element: Unable to locate element: {"method":"xpath","selector":"//a[@href='https://localhost']"}
  (Session info: chrome=108.0.5359.125)
For documentation on this error, please visit: https://www.seleniumhq.org/exceptions/no_such_element.html
Build info: version: '3.141.59', revision: 'e82be7d358', time: '2018-11-14T08:17:03'
System info: host: 'DESKTOP-KDRQDOD', ip: '192.168.1.11', os.name: 'Windows 10', os.arch: 'amd64', os.version: '10.0', java.version: '17.0.5'
Driver info: org.openqa.selenium.chrome.ChromeDriver
Capabilities {acceptInsecureCerts: false, browserName: chrome, browserVersion: 108.0.5359.125, chrome: {chromedriverVersion: 108.0.5359.71 (1e0e3868ee06..., userDataDir: C:\Users\shree\AppData\Loca...}, goog:chromeOptions: {debuggerAddress: localhost:63006}, javascriptEnabled: true, networkConnectionEnabled: false, pageLoadStrategy: normal, platform: WINDOWS, platformName: WINDOWS, proxy: Proxy(), setWindowRect: true, strictFileInteractability: false, timeouts: {implicit: 0, pageLoad: 300000, script: 30000}, unhandledPromptBehavior: dismiss and notify, webauthn:extension:credBlob: true, webauthn:extension:largeBlob: true, webauthn:virtualAuthenticators: true}
Session ID: 707af6700c7bb41842c73bbe7789ac38
*** Element info: {Using=xpath, value=//a[@href='https://localhost']}
2023-Jan-11 12:43:12 PM [main] INFO  com.web.actions.WebActions - Exception: Window Switching '
2023-Jan-11 12:43:12 PM [main] INFO  com.web.actions.WebActions - Exception Log: java.util.NoSuchElementException
2023-Jan-11 12:43:13 PM [main] INFO  com.web.actions.WebBrowserActions - closes the currently opened browser session.
