2023-Jan-11 22:22:36 PM [main] INFO  com.driver.DriverFactory - Instantiate ChromeDriver
2023-Jan-11 22:22:38 PM [main] INFO  com.web.actions.WebActions - Navigate to 'https://localhost:5000/login
2023-Jan-11 22:22:51 PM [main] INFO  com.web.actions.WebActions - Clear Text From : --> id: password]
2023-Jan-11 22:22:52 PM [main] INFO  com.web.actions.WebActions - Write Text 'Shubham@123' on --> id: password]
2023-Jan-11 22:22:56 PM [main] INFO  com.web.actions.WebActions - Click on :--> xpath: //span[contains(text(),"Login")]]
2023-Jan-11 22:23:12 PM [main] INFO  com.web.actions.WebActions - Click on :--> xpath: //span[text()='Close']]
2023-Jan-11 22:23:23 PM [main] INFO  com.web.actions.WebActions - Click on :--> xpath: //a[@href='https://localhost']]
2023-Jan-11 22:23:23 PM [main] INFO  com.web.actions.WebActions - Window Switching : 
2023-Jan-11 22:23:35 PM [main] INFO  com.web.actions.WebActions - Clear Text From : --> id: login-username]
2023-Jan-11 22:23:35 PM [main] INFO  com.web.actions.WebActions - Write Text 'shubham' on --> id: login-username]
2023-Jan-11 22:23:35 PM [main] INFO  com.web.actions.WebActions - Clear Text From : --> id: login-password]
2023-Jan-11 22:23:36 PM [main] INFO  com.web.actions.WebActions - Write Text 'Shubham@123' on --> id: login-password]
2023-Jan-11 22:23:36 PM [main] INFO  com.web.actions.WebActions - Enter Key On --> id: login-password]
2023-Jan-11 22:23:36 PM [main] INFO  com.web.actions.WebActions - Verify Object Exists : TRUE --> xpath: //img[@id='ff-header-logo']]
2023-Jan-11 22:23:37 PM [main] INFO  com.web.actions.WebActions - Verify Object Exists : TRUE --> xpath: //img[@id='ff-header-logo']]
2023-Jan-11 22:23:38 PM [main] INFO  com.web.actions.WebActions - Click on :--> xpath: //p[@class='posrel disblk fltlft' and text()='Visitors']]
2023-Jan-11 22:23:39 PM [main] INFO  com.web.actions.WebActions - Verify Object Exists : TRUE --> xpath: //p[@class='posrel disblk fltlft' and text()='Visitors']]
2023-Jan-11 22:23:39 PM [main] INFO  com.web.actions.WebActions - Click on :--> xpath: (//img[@class='psuedo-back-img'])[1]]
2023-Jan-11 22:23:40 PM [main] INFO  com.web.actions.WebActions - Verify Object Exists : TRUE --> xpath: //p[text()='Visitor - Photo View']]
2023-Jan-11 22:23:41 PM [main] INFO  com.web.actions.WebActions - Click on :--> xpath: //a[contains(text(),'Action')]]
2023-Jan-11 22:23:43 PM [main] INFO  com.web.actions.WebActions - Click on :--> xpath: //a[.='Identify within Enrollments']]
2023-Jan-11 22:24:13 PM [main] INFO  com.web.actions.WebActions - Verify Object Exists : FALSE 
2023-Jan-11 22:24:29 PM [main] INFO  com.web.actions.WebActions - Verify Object Exists : TRUE --> xpath: //p[text()='Add Details']]
2023-Jan-11 22:24:30 PM [main] INFO  com.web.actions.WebActions - Click on :--> xpath: //select[@name='internal_group']]
2023-Jan-11 22:24:40 PM [main] INFO  com.web.actions.WebActions - Exception: SelectByValue: DefaultEnrollmentGroup (Serious Offender - None), --> xpath: //select[@name='internal_group']]
2023-Jan-11 22:24:40 PM [main] INFO  com.web.actions.WebActions - Exception Log: org.openqa.selenium.NoSuchElementException: Cannot locate option with value: DefaultEnrollmentGroup (Serious Offender - None)
For documentation on this error, please visit: https://www.seleniumhq.org/exceptions/no_such_element.html
Build info: version: '3.141.59', revision: 'e82be7d358', time: '2018-11-14T08:17:03'
System info: host: 'DESKTOP-KDRQDOD', ip: '192.168.1.19', os.name: 'Windows 10', os.arch: 'amd64', os.version: '10.0', java.version: '17.0.5'
Driver info: driver.version: unknown
2023-Jan-11 22:24:41 PM [main] INFO  com.web.actions.WebActions - Clear Text From : --> xpath: //input[@name='storeId']]
2023-Jan-11 22:24:41 PM [main] INFO  com.web.actions.WebActions - Write Text 'mumbai' on --> xpath: //input[@name='storeId']]
2023-Jan-11 22:24:41 PM [main] INFO  com.web.actions.WebActions - Clear Text From : --> xpath: //input[@name='caseNumber']]
2023-Jan-11 22:24:42 PM [main] INFO  com.web.actions.WebActions - Write Text 'kill 1 person' on --> xpath: //input[@name='caseNumber']]
2023-Jan-11 22:24:42 PM [main] INFO  com.web.actions.WebActions - Clear Text From : --> xpath: //input[@name='reportedLoss']]
2023-Jan-11 22:24:42 PM [main] INFO  com.web.actions.WebActions - Write Text '500000' on --> xpath: //input[@name='reportedLoss']]
2023-Jan-11 22:24:42 PM [main] INFO  com.web.actions.WebActions - Clear Text From : --> xpath: //input[@name='timeIncident']]
2023-Jan-11 22:24:43 PM [main] INFO  com.web.actions.WebActions - Write Text '07122000 0625' on --> xpath: //input[@name='timeIncident']]
2023-Jan-11 22:24:43 PM [main] INFO  com.web.actions.WebActions - Clear Text From : --> xpath: //input[@name='action']]
2023-Jan-11 22:24:44 PM [main] INFO  com.web.actions.WebActions - Write Text 'call police' on --> xpath: //input[@name='action']]
2023-Jan-11 22:24:54 PM [main] INFO  com.web.actions.WebActions - Click on :
2023-Jan-11 22:25:05 PM [main] INFO  com.web.actions.WebActions - Verify Object Exists : TRUE --> xpath: //div[text()='Enrollment Success' and @class='enroll-steps-title light-blue-bg']]
2023-Jan-11 22:25:05 PM [main] INFO  com.web.actions.WebActions - Exception: clickElement '
2023-Jan-11 22:25:05 PM [main] INFO  com.web.actions.WebActions - Exception Log: org.openqa.selenium.InvalidSelectorException: invalid selector: Unable to locate an element with the xpath expression ///body/div[@id='main-container']/div[@id='x-scrolling-panel-container']/ul[@id='panel-container']/li[3]/div[1]/div[1]/div[1]/div[1] because of the following error:
SyntaxError: Failed to execute 'evaluate' on 'Document': The string '///body/div[@id='main-container']/div[@id='x-scrolling-panel-container']/ul[@id='panel-container']/li[3]/div[1]/div[1]/div[1]/div[1]' is not a valid XPath expression.
  (Session info: chrome=108.0.5359.125)
For documentation on this error, please visit: https://www.seleniumhq.org/exceptions/invalid_selector_exception.html
Build info: version: '3.141.59', revision: 'e82be7d358', time: '2018-11-14T08:17:03'
System info: host: 'DESKTOP-KDRQDOD', ip: '192.168.1.19', os.name: 'Windows 10', os.arch: 'amd64', os.version: '10.0', java.version: '17.0.5'
Driver info: org.openqa.selenium.chrome.ChromeDriver
Capabilities {acceptInsecureCerts: false, browserName: chrome, browserVersion: 108.0.5359.125, chrome: {chromedriverVersion: 108.0.5359.71 (1e0e3868ee06..., userDataDir: C:\Users\shree\AppData\Loca...}, goog:chromeOptions: {debuggerAddress: localhost:52269}, javascriptEnabled: true, networkConnectionEnabled: false, pageLoadStrategy: normal, platform: WINDOWS, platformName: WINDOWS, proxy: Proxy(), setWindowRect: true, strictFileInteractability: false, timeouts: {implicit: 0, pageLoad: 300000, script: 30000}, unhandledPromptBehavior: dismiss and notify, webauthn:extension:credBlob: true, webauthn:extension:largeBlob: true, webauthn:virtualAuthenticators: true}
Session ID: 9e838e0b0c67f657287b2b50071939ef
*** Element info: {Using=xpath, value=///body/div[@id='main-container']/div[@id='x-scrolling-panel-container']/ul[@id='panel-container']/li[3]/div[1]/div[1]/div[1]/div[1]}
2023-Jan-11 22:25:35 PM [main] INFO  com.web.actions.WebActions - Exception: clickElement '
2023-Jan-11 22:25:35 PM [main] INFO  com.web.actions.WebActions - Exception Log: org.openqa.selenium.NoSuchElementException: no such element: Unable to locate element: {"method":"xpath","selector":"//*[@id='large_view_7']/div[1]/div"}
  (Session info: chrome=108.0.5359.125)
For documentation on this error, please visit: https://www.seleniumhq.org/exceptions/no_such_element.html
Build info: version: '3.141.59', revision: 'e82be7d358', time: '2018-11-14T08:17:03'
System info: host: 'DESKTOP-KDRQDOD', ip: '192.168.1.19', os.name: 'Windows 10', os.arch: 'amd64', os.version: '10.0', java.version: '17.0.5'
Driver info: org.openqa.selenium.chrome.ChromeDriver
Capabilities {acceptInsecureCerts: false, browserName: chrome, browserVersion: 108.0.5359.125, chrome: {chromedriverVersion: 108.0.5359.71 (1e0e3868ee06..., userDataDir: C:\Users\shree\AppData\Loca...}, goog:chromeOptions: {debuggerAddress: localhost:52269}, javascriptEnabled: true, networkConnectionEnabled: false, pageLoadStrategy: normal, platform: WINDOWS, platformName: WINDOWS, proxy: Proxy(), setWindowRect: true, strictFileInteractability: false, timeouts: {implicit: 0, pageLoad: 300000, script: 30000}, unhandledPromptBehavior: dismiss and notify, webauthn:extension:credBlob: true, webauthn:extension:largeBlob: true, webauthn:virtualAuthenticators: true}
Session ID: 9e838e0b0c67f657287b2b50071939ef
*** Element info: {Using=xpath, value=//*[@id='large_view_7']/div[1]/div}
2023-Jan-11 22:26:16 PM [main] INFO  com.web.actions.WebActions - Exception: clickElement '
2023-Jan-11 22:26:16 PM [main] INFO  com.web.actions.WebActions - Exception Log: org.openqa.selenium.NoSuchElementException: no such element: Unable to locate element: {"method":"xpath","selector":"//*[@id='aliens_6']/div[1]/div"}
  (Session info: chrome=108.0.5359.125)
For documentation on this error, please visit: https://www.seleniumhq.org/exceptions/no_such_element.html
Build info: version: '3.141.59', revision: 'e82be7d358', time: '2018-11-14T08:17:03'
System info: host: 'DESKTOP-KDRQDOD', ip: '192.168.1.19', os.name: 'Windows 10', os.arch: 'amd64', os.version: '10.0', java.version: '17.0.5'
Driver info: org.openqa.selenium.chrome.ChromeDriver
Capabilities {acceptInsecureCerts: false, browserName: chrome, browserVersion: 108.0.5359.125, chrome: {chromedriverVersion: 108.0.5359.71 (1e0e3868ee06..., userDataDir: C:\Users\shree\AppData\Loca...}, goog:chromeOptions: {debuggerAddress: localhost:52269}, javascriptEnabled: true, networkConnectionEnabled: false, pageLoadStrategy: normal, platform: WINDOWS, platformName: WINDOWS, proxy: Proxy(), setWindowRect: true, strictFileInteractability: false, timeouts: {implicit: 0, pageLoad: 300000, script: 30000}, unhandledPromptBehavior: dismiss and notify, webauthn:extension:credBlob: true, webauthn:extension:largeBlob: true, webauthn:virtualAuthenticators: true}
Session ID: 9e838e0b0c67f657287b2b50071939ef
*** Element info: {Using=xpath, value=//*[@id='aliens_6']/div[1]/div}
