2023-Jan-12 10:38:56 AM [main] INFO  com.driver.DriverFactory - Instantiate ChromeDriver
2023-Jan-12 10:39:00 AM [main] INFO  com.web.actions.WebActions - Navigate to 'https://localhost:5000/login
2023-Jan-12 10:39:13 AM [main] INFO  com.web.actions.WebActions - Clear Text From : --> id: password]
2023-Jan-12 10:39:13 AM [main] INFO  com.web.actions.WebActions - Write Text 'Shubham@123' on --> id: password]
2023-Jan-12 10:39:19 AM [main] INFO  com.web.actions.WebActions - Click on :--> xpath: //span[contains(text(),"Login")]]
2023-Jan-12 10:39:37 AM [main] INFO  com.web.actions.WebActions - Click on :--> xpath: //span[text()='Close']]
2023-Jan-12 10:39:48 AM [main] INFO  com.web.actions.WebActions - Click on :--> xpath: //a[@href='https://localhost']]
2023-Jan-12 10:39:49 AM [main] INFO  com.web.actions.WebActions - Window Switching : 
2023-Jan-12 10:40:01 AM [main] INFO  com.web.actions.WebActions - Clear Text From : --> id: login-username]
2023-Jan-12 10:40:02 AM [main] INFO  com.web.actions.WebActions - Write Text 'shubham' on --> id: login-username]
2023-Jan-12 10:40:02 AM [main] INFO  com.web.actions.WebActions - Clear Text From : --> id: login-password]
2023-Jan-12 10:40:02 AM [main] INFO  com.web.actions.WebActions - Write Text 'Shubham@123' on --> id: login-password]
2023-Jan-12 10:40:02 AM [main] INFO  com.web.actions.WebActions - Enter Key On --> id: login-password]
2023-Jan-12 10:40:03 AM [main] INFO  com.web.actions.WebActions - Verify Object Exists : TRUE --> xpath: //img[@id='ff-header-logo']]
2023-Jan-12 10:40:03 AM [main] INFO  com.web.actions.WebActions - Verify Object Exists : TRUE --> xpath: //img[@id='ff-header-logo']]
2023-Jan-12 10:40:04 AM [main] INFO  com.web.actions.WebActions - Click on :--> xpath: //p[@class='posrel disblk fltlft' and text()='Visitors']]
2023-Jan-12 10:40:06 AM [main] INFO  com.web.actions.WebActions - Verify Object Exists : TRUE --> xpath: //p[@class='posrel disblk fltlft' and text()='Visitors']]
2023-Jan-12 10:40:06 AM [main] INFO  com.web.actions.WebActions - Click on :--> xpath: (//img[@class='psuedo-back-img'])[1]]
2023-Jan-12 10:40:10 AM [main] INFO  com.web.actions.WebActions - Verify Object Exists : TRUE --> xpath: //p[text()='Visitor - Photo View']]
2023-Jan-12 10:40:11 AM [main] INFO  com.web.actions.WebActions - Click on :--> xpath: //a[contains(text(),'Action')]]
2023-Jan-12 10:40:13 AM [main] INFO  com.web.actions.WebActions - Click on :--> xpath: //a[.='Identify within Enrollments']]
2023-Jan-12 10:40:43 AM [main] INFO  com.web.actions.WebActions - Verify Object Exists : FALSE 
2023-Jan-12 10:40:59 AM [main] INFO  com.web.actions.WebActions - Verify Object Exists : TRUE --> xpath: //p[text()='Add Details']]
2023-Jan-12 10:41:00 AM [main] INFO  com.web.actions.WebActions - Click on :--> xpath: //select[@name='internal_group']]
2023-Jan-12 10:41:10 AM [main] INFO  com.web.actions.WebActions - Exception: SelectByValue: DefaultEnrollmentGroup (Serious Offender - None), --> xpath: //select[@name='internal_group']]
2023-Jan-12 10:41:10 AM [main] INFO  com.web.actions.WebActions - Exception Log: org.openqa.selenium.NoSuchElementException: Cannot locate option with value: DefaultEnrollmentGroup (Serious Offender - None)
For documentation on this error, please visit: https://www.seleniumhq.org/exceptions/no_such_element.html
Build info: version: '3.141.59', revision: 'e82be7d358', time: '2018-11-14T08:17:03'
System info: host: 'DESKTOP-KDRQDOD', ip: '192.168.1.11', os.name: 'Windows 10', os.arch: 'amd64', os.version: '10.0', java.version: '17.0.5'
Driver info: driver.version: unknown
2023-Jan-12 10:41:11 AM [main] INFO  com.web.actions.WebActions - Clear Text From : --> xpath: //input[@name='storeId']]
2023-Jan-12 10:41:11 AM [main] INFO  com.web.actions.WebActions - Write Text 'mumbai' on --> xpath: //input[@name='storeId']]
2023-Jan-12 10:41:11 AM [main] INFO  com.web.actions.WebActions - Clear Text From : --> xpath: //input[@name='caseNumber']]
2023-Jan-12 10:41:12 AM [main] INFO  com.web.actions.WebActions - Write Text 'kill 1 person' on --> xpath: //input[@name='caseNumber']]
2023-Jan-12 10:41:12 AM [main] INFO  com.web.actions.WebActions - Clear Text From : --> xpath: //input[@name='reportedLoss']]
2023-Jan-12 10:41:12 AM [main] INFO  com.web.actions.WebActions - Write Text '500000' on --> xpath: //input[@name='reportedLoss']]
2023-Jan-12 10:41:13 AM [main] INFO  com.web.actions.WebActions - Clear Text From : --> xpath: //input[@name='timeIncident']]
2023-Jan-12 10:41:13 AM [main] INFO  com.web.actions.WebActions - Write Text '07122000 0625' on --> xpath: //input[@name='timeIncident']]
2023-Jan-12 10:41:13 AM [main] INFO  com.web.actions.WebActions - Clear Text From : --> xpath: //input[@name='action']]
2023-Jan-12 10:41:14 AM [main] INFO  com.web.actions.WebActions - Write Text 'call police' on --> xpath: //input[@name='action']]
2023-Jan-12 10:41:24 AM [main] INFO  com.web.actions.WebActions - Click on :
2023-Jan-12 10:41:35 AM [main] INFO  com.web.actions.WebActions - Verify Object Exists : TRUE --> xpath: //div[text()='Enrollment Success' and @class='enroll-steps-title light-blue-bg']]
2023-Jan-12 10:41:35 AM [main] INFO  com.web.actions.WebActions - Click on :--> xpath: //body/div[@id='main-container']/div[@id='x-scrolling-panel-container']/ul[@id='panel-container']/li[3]/div[1]/div[1]/div[1]/div[1]]
2023-Jan-12 10:42:05 AM [main] INFO  com.web.actions.WebActions - Exception: clickElement '
2023-Jan-12 10:42:05 AM [main] INFO  com.web.actions.WebActions - Exception Log: org.openqa.selenium.NoSuchElementException: no such element: Unable to locate element: {"method":"xpath","selector":"//*[@id='large_view_7']/div[1]/div"}
  (Session info: chrome=108.0.5359.125)
For documentation on this error, please visit: https://www.seleniumhq.org/exceptions/no_such_element.html
Build info: version: '3.141.59', revision: 'e82be7d358', time: '2018-11-14T08:17:03'
System info: host: 'DESKTOP-KDRQDOD', ip: '192.168.1.11', os.name: 'Windows 10', os.arch: 'amd64', os.version: '10.0', java.version: '17.0.5'
Driver info: org.openqa.selenium.chrome.ChromeDriver
Capabilities {acceptInsecureCerts: false, browserName: chrome, browserVersion: 108.0.5359.125, chrome: {chromedriverVersion: 108.0.5359.71 (1e0e3868ee06..., userDataDir: C:\Users\shree\AppData\Loca...}, goog:chromeOptions: {debuggerAddress: localhost:54380}, javascriptEnabled: true, networkConnectionEnabled: false, pageLoadStrategy: normal, platform: WINDOWS, platformName: WINDOWS, proxy: Proxy(), setWindowRect: true, strictFileInteractability: false, timeouts: {implicit: 0, pageLoad: 300000, script: 30000}, unhandledPromptBehavior: dismiss and notify, webauthn:extension:credBlob: true, webauthn:extension:largeBlob: true, webauthn:virtualAuthenticators: true}
Session ID: 6a7f916806cfd8621497e91f77c412ae
*** Element info: {Using=xpath, value=//*[@id='large_view_7']/div[1]/div}
2023-Jan-12 10:42:46 AM [main] INFO  com.web.actions.WebActions - Exception: clickElement '
2023-Jan-12 10:42:46 AM [main] INFO  com.web.actions.WebActions - Exception Log: org.openqa.selenium.NoSuchElementException: no such element: Unable to locate element: {"method":"xpath","selector":"//*[@id='aliens_6']/div[1]/div"}
  (Session info: chrome=108.0.5359.125)
For documentation on this error, please visit: https://www.seleniumhq.org/exceptions/no_such_element.html
Build info: version: '3.141.59', revision: 'e82be7d358', time: '2018-11-14T08:17:03'
System info: host: 'DESKTOP-KDRQDOD', ip: '192.168.1.11', os.name: 'Windows 10', os.arch: 'amd64', os.version: '10.0', java.version: '17.0.5'
Driver info: org.openqa.selenium.chrome.ChromeDriver
Capabilities {acceptInsecureCerts: false, browserName: chrome, browserVersion: 108.0.5359.125, chrome: {chromedriverVersion: 108.0.5359.71 (1e0e3868ee06..., userDataDir: C:\Users\shree\AppData\Loca...}, goog:chromeOptions: {debuggerAddress: localhost:54380}, javascriptEnabled: true, networkConnectionEnabled: false, pageLoadStrategy: normal, platform: WINDOWS, platformName: WINDOWS, proxy: Proxy(), setWindowRect: true, strictFileInteractability: false, timeouts: {implicit: 0, pageLoad: 300000, script: 30000}, unhandledPromptBehavior: dismiss and notify, webauthn:extension:credBlob: true, webauthn:extension:largeBlob: true, webauthn:virtualAuthenticators: true}
Session ID: 6a7f916806cfd8621497e91f77c412ae
*** Element info: {Using=xpath, value=//*[@id='aliens_6']/div[1]/div}
2023-Jan-12 10:43:06 AM [main] INFO  com.web.actions.WebActions - Exception: clickElement '--> xpath: //div[@id='start-logo-container']]
2023-Jan-12 10:43:06 AM [main] INFO  com.web.actions.WebActions - Exception Log: org.openqa.selenium.ElementNotInteractableException: element not interactable
  (Session info: chrome=108.0.5359.125)
Build info: version: '3.141.59', revision: 'e82be7d358', time: '2018-11-14T08:17:03'
System info: host: 'DESKTOP-KDRQDOD', ip: '192.168.1.11', os.name: 'Windows 10', os.arch: 'amd64', os.version: '10.0', java.version: '17.0.5'
Driver info: org.openqa.selenium.chrome.ChromeDriver
Capabilities {acceptInsecureCerts: false, browserName: chrome, browserVersion: 108.0.5359.125, chrome: {chromedriverVersion: 108.0.5359.71 (1e0e3868ee06..., userDataDir: C:\Users\shree\AppData\Loca...}, goog:chromeOptions: {debuggerAddress: localhost:54380}, javascriptEnabled: true, networkConnectionEnabled: false, pageLoadStrategy: normal, platform: WINDOWS, platformName: WINDOWS, proxy: Proxy(), setWindowRect: true, strictFileInteractability: false, timeouts: {implicit: 0, pageLoad: 300000, script: 30000}, unhandledPromptBehavior: dismiss and notify, webauthn:extension:credBlob: true, webauthn:extension:largeBlob: true, webauthn:virtualAuthenticators: true}
Session ID: 6a7f916806cfd8621497e91f77c412ae
2023-Jan-12 10:43:16 AM [main] INFO  com.web.actions.WebActions - Exception: clickElement '--> xpath: //p[text()='Events' and @class='login-menu-title tal posrel fltlft']]
2023-Jan-12 10:43:16 AM [main] INFO  com.web.actions.WebActions - Exception Log: org.openqa.selenium.ElementNotInteractableException: element not interactable
  (Session info: chrome=108.0.5359.125)
Build info: version: '3.141.59', revision: 'e82be7d358', time: '2018-11-14T08:17:03'
System info: host: 'DESKTOP-KDRQDOD', ip: '192.168.1.11', os.name: 'Windows 10', os.arch: 'amd64', os.version: '10.0', java.version: '17.0.5'
Driver info: org.openqa.selenium.chrome.ChromeDriver
Capabilities {acceptInsecureCerts: false, browserName: chrome, browserVersion: 108.0.5359.125, chrome: {chromedriverVersion: 108.0.5359.71 (1e0e3868ee06..., userDataDir: C:\Users\shree\AppData\Loca...}, goog:chromeOptions: {debuggerAddress: localhost:54380}, javascriptEnabled: true, networkConnectionEnabled: false, pageLoadStrategy: normal, platform: WINDOWS, platformName: WINDOWS, proxy: Proxy(), setWindowRect: true, strictFileInteractability: false, timeouts: {implicit: 0, pageLoad: 300000, script: 30000}, unhandledPromptBehavior: dismiss and notify, webauthn:extension:credBlob: true, webauthn:extension:largeBlob: true, webauthn:virtualAuthenticators: true}
Session ID: 6a7f916806cfd8621497e91f77c412ae
2023-Jan-12 10:43:16 AM [main] INFO  com.web.actions.WebActions - Verify Object Exists : TRUE --> xpath: //span[text()='Events' and @class='pull-left']]
2023-Jan-12 10:43:17 AM [main] INFO  com.web.actions.WebActions - Exception: clickElement '--> xpath: //input[@ng-model='selectAllCheckboxState']]
2023-Jan-12 10:43:17 AM [main] INFO  com.web.actions.WebActions - Exception Log: org.openqa.selenium.ElementClickInterceptedException: element click intercepted: Element <input icheck="" ng-model="selectAllCheckboxState" function-to-call="$scope.selectAllCheckBoxSelected();" type="checkbox" class="select-all-checkbox ng-pristine ng-untouched ng-valid ng-empty" style="color: red; background: SkyBlue; border: 2px solid red;"> is not clickable at point (419, 79). Other element would receive the click: <ins class="iCheck-helper" style="position: absolute; top: 0%; left: 0%; display: block; width: 100%; height: 100%; margin: 0px; padding: 0px; background: rgb(255, 255, 255); border: 0px; opacity: 0;"></ins>
  (Session info: chrome=108.0.5359.125)
Build info: version: '3.141.59', revision: 'e82be7d358', time: '2018-11-14T08:17:03'
System info: host: 'DESKTOP-KDRQDOD', ip: '192.168.1.11', os.name: 'Windows 10', os.arch: 'amd64', os.version: '10.0', java.version: '17.0.5'
Driver info: org.openqa.selenium.chrome.ChromeDriver
Capabilities {acceptInsecureCerts: false, browserName: chrome, browserVersion: 108.0.5359.125, chrome: {chromedriverVersion: 108.0.5359.71 (1e0e3868ee06..., userDataDir: C:\Users\shree\AppData\Loca...}, goog:chromeOptions: {debuggerAddress: localhost:54380}, javascriptEnabled: true, networkConnectionEnabled: false, pageLoadStrategy: normal, platform: WINDOWS, platformName: WINDOWS, proxy: Proxy(), setWindowRect: true, strictFileInteractability: false, timeouts: {implicit: 0, pageLoad: 300000, script: 30000}, unhandledPromptBehavior: dismiss and notify, webauthn:extension:credBlob: true, webauthn:extension:largeBlob: true, webauthn:virtualAuthenticators: true}
Session ID: 6a7f916806cfd8621497e91f77c412ae
2023-Jan-12 10:43:22 AM [main] INFO  com.web.actions.WebActions - Click on :--> xpath: //a[@class='btn dropdown-toggle pull-right toolbar-btn nav-pills-small']]
2023-Jan-12 10:43:26 AM [main] INFO  com.web.actions.WebActions - Click on :
2023-Jan-12 10:43:31 AM [main] INFO  com.web.actions.WebActions - Exception: clickElement '--> xpath: //input[@ng-model='selectAllCheckboxState']]
2023-Jan-12 10:43:31 AM [main] INFO  com.web.actions.WebActions - Exception Log: org.openqa.selenium.ElementClickInterceptedException: element click intercepted: Element <input icheck="" ng-model="selectAllCheckboxState" function-to-call="$scope.selectAllCheckBoxSelected();" type="checkbox" class="select-all-checkbox ng-pristine ng-untouched ng-valid ng-empty" style="color: red; background: SkyBlue; border: 2px solid red;"> is not clickable at point (419, 79). Other element would receive the click: <ins class="iCheck-helper" style="position: absolute; top: 0%; left: 0%; display: block; width: 100%; height: 100%; margin: 0px; padding: 0px; background: rgb(255, 255, 255); border: 0px; opacity: 0;"></ins>
  (Session info: chrome=108.0.5359.125)
Build info: version: '3.141.59', revision: 'e82be7d358', time: '2018-11-14T08:17:03'
System info: host: 'DESKTOP-KDRQDOD', ip: '192.168.1.11', os.name: 'Windows 10', os.arch: 'amd64', os.version: '10.0', java.version: '17.0.5'
Driver info: org.openqa.selenium.chrome.ChromeDriver
Capabilities {acceptInsecureCerts: false, browserName: chrome, browserVersion: 108.0.5359.125, chrome: {chromedriverVersion: 108.0.5359.71 (1e0e3868ee06..., userDataDir: C:\Users\shree\AppData\Loca...}, goog:chromeOptions: {debuggerAddress: localhost:54380}, javascriptEnabled: true, networkConnectionEnabled: false, pageLoadStrategy: normal, platform: WINDOWS, platformName: WINDOWS, proxy: Proxy(), setWindowRect: true, strictFileInteractability: false, timeouts: {implicit: 0, pageLoad: 300000, script: 30000}, unhandledPromptBehavior: dismiss and notify, webauthn:extension:credBlob: true, webauthn:extension:largeBlob: true, webauthn:virtualAuthenticators: true}
Session ID: 6a7f916806cfd8621497e91f77c412ae
2023-Jan-12 10:43:46 AM [main] INFO  com.web.actions.WebActions - Verify Object Exists : TRUE --> xpath: //div[@ng-style='dynamicRowHeightStyle']]
2023-Jan-12 10:43:47 AM [main] INFO  com.web.actions.WebBrowserActions - closes the currently opened browser session.
